app/build/intermediates/manifest_merge_blame_file/debug/manifest-merger-blame-debug-report.txt
1<?xml version="1.0" encoding="utf-8"?>
2<manifest xmlns:android="http://schemas.android.com/apk/res/android"
3    package="com.example.hardwaremonitor"
4    android:versionCode="1"
5    android:versionName="1.0" >
6
7    <uses-sdk
8        android:minSdkVersion="19"
8-->src\main\AndroidManifest.xml
9        android:targetSdkVersion="29" />
9-->src\main\AndroidManifest.xml
10
11    <uses-permission android:name="android.permission.INTERNET" />
11-->src\main\AndroidManifest.xml:6:5-67
11-->src\main\AndroidManifest.xml:6:22-64
12    <uses-permission android:name="android.permission.ACCESS_WIFI_STATE" />
12-->src\main\AndroidManifest.xml:7:5-76
12-->src\main\AndroidManifest.xml:7:22-73
13    <uses-permission android:name="android.permission.ACCESS_NETWORK_STATE" />
13-->src\main\AndroidManifest.xml:8:5-78
13-->src\main\AndroidManifest.xml:8:22-76
14    <uses-permission android:name="android.permission.READ_PHONE_STATE" />
14-->src\main\AndroidManifest.xml:9:5-74
14-->src\main\AndroidManifest.xml:9:22-72
15    <uses-permission android:name="android.permission.ACCESS_COARSE_LOCATION" />
15-->src\main\AndroidManifest.xml:12:5-81
15-->src\main\AndroidManifest.xml:12:22-78
16    <uses-permission android:name="android.permission.ACCESS_FINE_LOCATION" />
16-->src\main\AndroidManifest.xml:13:5-79
16-->src\main\AndroidManifest.xml:13:22-76
17    <uses-permission android:name="android.permission.ACCESS_BACKGROUND_LOCATION" />
17-->src\main\AndroidManifest.xml:14:5-85
17-->src\main\AndroidManifest.xml:14:22-82
18
19    <application
19-->src\main\AndroidManifest.xml:18:5-37:19
20        android:allowBackup="true"
20-->src\main\AndroidManifest.xml:19:9-35
21        android:appComponentFactory="androidx.core.app.CoreComponentFactory"
21-->[androidx.core:core:1.1.0] AndroidManifest.xml:24:18-86
22        android:debuggable="true"
23        android:icon="@mipmap/ic_launcher"
23-->src\main\AndroidManifest.xml:20:9-43
24        android:label="@string/app_name"
24-->src\main\AndroidManifest.xml:21:9-41
25        android:roundIcon="@mipmap/ic_launcher_round"
25-->src\main\AndroidManifest.xml:22:9-54
26        android:supportsRtl="true"
26-->src\main\AndroidManifest.xml:23:9-35
27        android:testOnly="true"
28        android:theme="@style/AppTheme" >
28-->src\main\AndroidManifest.xml:24:9-40
29        <activity android:name="com.example.hardwaremonitor.DisplayInfo" />
29-->src\main\AndroidManifest.xml:25:9-58
29-->src\main\AndroidManifest.xml:25:19-46
30        <activity android:name="com.example.hardwaremonitor.SpeedTestActivity" />
30-->src\main\AndroidManifest.xml:26:9-55
30-->src\main\AndroidManifest.xml:26:19-52
31        <activity android:name="com.example.hardwaremonitor.BatteryActivity" />
31-->src\main\AndroidManifest.xml:27:9-53
31-->src\main\AndroidManifest.xml:27:19-50
32        <activity android:name="com.example.hardwaremonitor.procs" />
32-->src\main\AndroidManifest.xml:28:9-43
32-->src\main\AndroidManifest.xml:28:19-40
33        <activity android:name="com.example.hardwaremonitor.netWork" />
33-->src\main\AndroidManifest.xml:29:9-45
33-->src\main\AndroidManifest.xml:29:19-42
34        <activity android:name="com.example.hardwaremonitor.MainActivity" >
34-->src\main\AndroidManifest.xml:30:9-36:20
34-->src\main\AndroidManifest.xml:30:19-47
35            <intent-filter>
35-->src\main\AndroidManifest.xml:31:13-35:29
36                <action android:name="android.intent.action.MAIN" />
36-->src\main\AndroidManifest.xml:32:17-69
36-->src\main\AndroidManifest.xml:32:25-66
37
38                <category android:name="android.intent.category.LAUNCHER" />
38-->src\main\AndroidManifest.xml:34:17-77
38-->src\main\AndroidManifest.xml:34:27-74
39            </intent-filter>
40        </activity>
41    </application>
42
43</manifest>